\BOOKMARK [0][-]{chapter.1}{Introduction}{}% 1
\BOOKMARK [1][-]{section.1.1}{Background and Motivation}{chapter.1}% 2
\BOOKMARK [2][-]{subsection.1.1.1}{Theoretical Background}{section.1.1}% 3
\BOOKMARK [1][-]{section.1.2}{Research on Altruism and Cooperation in Computer Science}{chapter.1}% 4
\BOOKMARK [1][-]{section.1.3}{Research question}{chapter.1}% 5
\BOOKMARK [2][-]{subsection.1.3.1}{Motivation}{section.1.3}% 6
\BOOKMARK [0][-]{chapter.2}{Method}{}% 7
\BOOKMARK [1][-]{section.2.1}{Concept}{chapter.2}% 8
\BOOKMARK [1][-]{section.2.2}{Swarm Robotics}{chapter.2}% 9
\BOOKMARK [1][-]{section.2.3}{Artificial Neural Networks}{chapter.2}% 10
\BOOKMARK [1][-]{section.2.4}{The Evolutionary algorithm - mEDEA}{chapter.2}% 11
\BOOKMARK [1][-]{section.2.5}{Roborobo}{chapter.2}% 12
\BOOKMARK [2][-]{subsection.2.5.1}{The agents}{section.2.5}% 13
\BOOKMARK [2][-]{subsection.2.5.2}{Donating Energy}{section.2.5}% 14
\BOOKMARK [1][-]{section.2.6}{Experimental setup}{chapter.2}% 15
\BOOKMARK [0][-]{chapter.3}{Results}{}% 16
\BOOKMARK [0][-]{chapter.4}{Discussion}{}% 17
\BOOKMARK [0][-]{chapter.5}{Systematic Literature Review Protocol}{}% 18
\BOOKMARK [1][-]{section.5.1}{Defining the Review Questions}{chapter.5}% 19
\BOOKMARK [1][-]{section.5.2}{Search for Relevant Studies}{chapter.5}% 20
\BOOKMARK [2][-]{subsection.5.2.1}{Searching the online resources }{section.5.2}% 21
\BOOKMARK [2][-]{subsection.5.2.2}{Selection of Studies}{section.5.2}% 22
\BOOKMARK [1][-]{section.5.3}{Data Collection}{chapter.5}% 23
\BOOKMARK [1][-]{section.5.4}{Dissemination}{chapter.5}% 24
\BOOKMARK [0][-]{section.5.4}{Bibliography}{}% 25
